inciado 0x556615838c10
3
((((3*x1)-(2*x1))-(2*x2))+1)
(((((3*x2)-(2*(x2^2)))-x1)-x3)+1)
((((3*x3)-(2*(x3^3)))-x2)+1)
#
x1 = -1.000000
x2 = -1.000000
x3 = -1.000000
func(x_aprox) = 2.000000
func(x_aprox) = -2.000000
func(x_aprox) = 1.000000
Deu boa :)

AAAAAAAAAAAAAAAAAAA

## f[0] = ((((3*x1)-(2*x1))-(2*x2))+1);     ------------------------------
## f' = ((((0*x1)+3)-((0*x1)+2))-(0*x2)); x1 = -1.000000; jacobi[0][0] = 1.000000; 
## f' = (((0*x1)-(0*x1))-((0*x2)+2)); x2 = -1.000000; jacobi[0][1] = -2.000000; 

## f[1] = (((((3*x2)-(2*(x2^2)))-x1)-x3)+1);     ------------------------------
## f' = (((0*x2)-((0*(x2^2))+(2*(0*x2))))-1); x1 = -1.000000; jacobi[1][0] = -1.000000; 
## f' = (((0*x2)+3)-((0*(x2^2))+(2*(2*x2)))); x2 = -1.000000; jacobi[1][1] = 7.000000; 
## f' = (((0*x2)-((0*(x2^2))+(2*(0*x2))))-1); x3 = -1.000000; jacobi[1][2] = -1.000000; 

## f[2] = ((((3*x3)-(2*(x3^3)))-x2)+1);     ------------------------------
## f' = (((0*x3)+3)-((0*(x3^3))+(2*(3*(x3^2))))); x3 = -1.000000; jacobi[2][2] = -3.000000; 

***Gauss
#
x1 = -2.375000
x2 = -1.312500
x3 = -0.687500
func(x_aprox) = 1.250000
func(x_aprox) = -3.320312
func(x_aprox) = 0.899902
Deu boa :)

AAAAAAAAAAAAAAAAAAA

## f[0] = ((((3*x1)-(2*x1))-(2*x2))+1);     ------------------------------
## f' = ((((0*x1)+3)-((0*x1)+2))-(0*x2)); x1 = -2.375000; jacobi[0][0] = 1.000000; 
## f' = (((0*x1)-(0*x1))-((0*x2)+2)); x2 = -1.312500; jacobi[0][1] = -2.000000; 

## f[1] = (((((3*x2)-(2*(x2^2)))-x1)-x3)+1);     ------------------------------
## f' = (((0*x2)-((0*(x2^2))+(2*(0*x2))))-1); x1 = -2.375000; jacobi[1][0] = -1.000000; 
## f' = (((0*x2)+3)-((0*(x2^2))+(2*(2*x2)))); x2 = -1.312500; jacobi[1][1] = 8.250000; 
## f' = (((0*x2)-((0*(x2^2))+(2*(0*x2))))-1); x3 = -0.687500; jacobi[1][2] = -1.000000; 

## f[2] = ((((3*x3)-(2*(x3^3)))-x2)+1);     ------------------------------
## f' = (((0*x3)+3)-((0*(x3^3))+(2*(3*(x3^2))))); x3 = -0.687500; jacobi[2][2] = 0.164062; 

***Gauss
#
x1 = -283.576923
x2 = 138.994712
x3 = -140.663462
func(x_aprox) = -560.566346
func(x_aprox) = -37796.835152
func(x_aprox) = 5565833.428132
Deu boa :)

AAAAAAAAAAAAAAAAAAA

## f[0] = ((((3*x1)-(2*x1))-(2*x2))+1);     ------------------------------
## f' = ((((0*x1)+3)-((0*x1)+2))-(0*x2)); x1 = -283.576923; jacobi[0][0] = 1.000000; 
## f' = (((0*x1)-(0*x1))-((0*x2)+2)); x2 = 138.994712; jacobi[0][1] = -2.000000; 

## f[1] = (((((3*x2)-(2*(x2^2)))-x1)-x3)+1);     ------------------------------
## f' = (((0*x2)-((0*(x2^2))+(2*(0*x2))))-1); x1 = -283.576923; jacobi[1][0] = -1.000000; 
## f' = (((0*x2)+3)-((0*(x2^2))+(2*(2*x2)))); x2 = 138.994712; jacobi[1][1] = -552.978846; 
## f' = (((0*x2)-((0*(x2^2))+(2*(0*x2))))-1); x3 = -140.663462; jacobi[1][2] = -1.000000; 

## f[2] = ((((3*x3)-(2*(x3^3)))-x2)+1);     ------------------------------
## f' = (((0*x3)+3)-((0*(x3^3))+(2*(3*(x3^2))))); x3 = -140.663462; jacobi[2][2] = -118714.256472; 

***Gauss
#
x1 = 370.759166
x2 = 22.994771
x3 = -93.778590
func(x_aprox) = 325.769624
func(x_aprox) = -1264.515236
func(x_aprox) = 1649154.040168
Deu boa :)

AAAAAAAAAAAAAAAAAAA

## f[0] = ((((3*x1)-(2*x1))-(2*x2))+1);     ------------------------------
## f' = ((((0*x1)+3)-((0*x1)+2))-(0*x2)); x1 = 370.759166; jacobi[0][0] = 1.000000; 
## f' = (((0*x1)-(0*x1))-((0*x2)+2)); x2 = 22.994771; jacobi[0][1] = -2.000000; 

## f[1] = (((((3*x2)-(2*(x2^2)))-x1)-x3)+1);     ------------------------------
## f' = (((0*x2)-((0*(x2^2))+(2*(0*x2))))-1); x1 = 370.759166; jacobi[1][0] = -1.000000; 
## f' = (((0*x2)+3)-((0*(x2^2))+(2*(2*x2)))); x2 = 22.994771; jacobi[1][1] = -88.979083; 
## f' = (((0*x2)-((0*(x2^2))+(2*(0*x2))))-1); x3 = -93.778590; jacobi[1][2] = -1.000000; 

## f[2] = ((((3*x3)-(2*(x3^3)))-x2)+1);     ------------------------------
## f' = (((0*x3)+3)-((0*(x3^3))+(2*(3*(x3^2))))); x3 = -93.778590; jacobi[2][2] = -52763.544003; 

***Gauss
#
x1 = 107.501063
x2 = -18.579247
x3 = -62.522830
func(x_aprox) = 145.659558
func(x_aprox) = -790.092837
func(x_aprox) = 488648.526574
Deu boa :)

AAAAAAAAAAAAAAAAAAA

## f[0] = ((((3*x1)-(2*x1))-(2*x2))+1);     ------------------------------
## f' = ((((0*x1)+3)-((0*x1)+2))-(0*x2)); x1 = 107.501063; jacobi[0][0] = 1.000000; 
## f' = (((0*x1)-(0*x1))-((0*x2)+2)); x2 = -18.579247; jacobi[0][1] = -2.000000; 

## f[1] = (((((3*x2)-(2*(x2^2)))-x1)-x3)+1);     ------------------------------
## f' = (((0*x2)-((0*(x2^2))+(2*(0*x2))))-1); x1 = 107.501063; jacobi[1][0] = -1.000000; 
## f' = (((0*x2)+3)-((0*(x2^2))+(2*(2*x2)))); x2 = -18.579247; jacobi[1][1] = 77.316989; 
## f' = (((0*x2)-((0*(x2^2))+(2*(0*x2))))-1); x3 = -62.522830; jacobi[1][2] = -1.000000; 

## f[2] = ((((3*x3)-(2*(x3^3)))-x2)+1);     ------------------------------
## f' = (((0*x3)+3)-((0*(x3^3))+(2*(3*(x3^2))))); x3 = -62.522830; jacobi[2][2] = -23451.625378; 

***Gauss
#
x1 = 3.513644
x2 = -30.859036
x3 = -41.686760
func(x_aprox) = 66.231717
func(x_aprox) = -1957.964235
func(x_aprox) = 144792.134105
Deu boa :)

AAAAAAAAAAAAAAAAAAA

## f[0] = ((((3*x1)-(2*x1))-(2*x2))+1);     ------------------------------
## f' = ((((0*x1)+3)-((0*x1)+2))-(0*x2)); x1 = 3.513644; jacobi[0][0] = 1.000000; 
## f' = (((0*x1)-(0*x1))-((0*x2)+2)); x2 = -30.859036; jacobi[0][1] = -2.000000; 

## f[1] = (((((3*x2)-(2*(x2^2)))-x1)-x3)+1);     ------------------------------
## f' = (((0*x2)-((0*(x2^2))+(2*(0*x2))))-1); x1 = 3.513644; jacobi[1][0] = -1.000000; 
## f' = (((0*x2)+3)-((0*(x2^2))+(2*(2*x2)))); x2 = -30.859036; jacobi[1][1] = 126.436145; 
## f' = (((0*x2)-((0*(x2^2))+(2*(0*x2))))-1); x3 = -41.686760; jacobi[1][2] = -1.000000; 

## f[2] = ((((3*x3)-(2*(x3^3)))-x2)+1);     ------------------------------
## f' = (((0*x3)+3)-((0*(x3^3))+(2*(3*(x3^2))))); x3 = -41.686760; jacobi[2][2] = -10423.715896; 

***Gauss
#
x1 = -34.939721
x2 = -29.545776
x3 = -27.797585
func(x_aprox) = 25.151830
func(x_aprox) = -1770.805778
func(x_aprox) = 42905.858248
Deu boa :)

AAAAAAAAAAAAAAAAAAA

## f[0] = ((((3*x1)-(2*x1))-(2*x2))+1);     ------------------------------
## f' = ((((0*x1)+3)-((0*x1)+2))-(0*x2)); x1 = -34.939721; jacobi[0][0] = 1.000000; 
## f' = (((0*x1)-(0*x1))-((0*x2)+2)); x2 = -29.545776; jacobi[0][1] = -2.000000; 

## f[1] = (((((3*x2)-(2*(x2^2)))-x1)-x3)+1);     ------------------------------
## f' = (((0*x2)-((0*(x2^2))+(2*(0*x2))))-1); x1 = -34.939721; jacobi[1][0] = -1.000000; 
## f' = (((0*x2)+3)-((0*(x2^2))+(2*(2*x2)))); x2 = -29.545776; jacobi[1][1] = 121.183104; 
## f' = (((0*x2)-((0*(x2^2))+(2*(0*x2))))-1); x3 = -27.797585; jacobi[1][2] = -1.000000; 

## f[2] = ((((3*x3)-(2*(x3^3)))-x2)+1);     ------------------------------
## f' = (((0*x3)+3)-((0*(x3^3))+(2*(3*(x3^2))))); x3 = -27.797585; jacobi[2][2] = -4633.234298; 

***Gauss
#
x1 = -41.576998
x2 = -24.156229
x3 = -18.540308
func(x_aprox) = 7.735460
func(x_aprox) = -1178.398187
func(x_aprox) = 12715.737484
Deu boa :)

AAAAAAAAAAAAAAAAAAA

## f[0] = ((((3*x1)-(2*x1))-(2*x2))+1);     ------------------------------
## f' = ((((0*x1)+3)-((0*x1)+2))-(0*x2)); x1 = -41.576998; jacobi[0][0] = 1.000000; 
## f' = (((0*x1)-(0*x1))-((0*x2)+2)); x2 = -24.156229; jacobi[0][1] = -2.000000; 

## f[1] = (((((3*x2)-(2*(x2^2)))-x1)-x3)+1);     ------------------------------
## f' = (((0*x2)-((0*(x2^2))+(2*(0*x2))))-1); x1 = -41.576998; jacobi[1][0] = -1.000000; 
## f' = (((0*x2)+3)-((0*(x2^2))+(2*(2*x2)))); x2 = -24.156229; jacobi[1][1] = 99.624916; 
## f' = (((0*x2)-((0*(x2^2))+(2*(0*x2))))-1); x3 = -18.540308; jacobi[1][2] = -1.000000; 

## f[2] = ((((3*x3)-(2*(x3^3)))-x2)+1);     ------------------------------
## f' = (((0*x3)+3)-((0*(x3^3))+(2*(3*(x3^2))))); x3 = -18.540308; jacobi[2][2] = -2059.458041; 

***Gauss
#
x1 = -36.975540
x2 = -18.333254
x3 = -12.371848
func(x_aprox) = 0.690969
func(x_aprox) = -676.868808
func(x_aprox) = 3769.553123
Deu boa :)

AAAAAAAAAAAAAAAAAAA

## f[0] = ((((3*x1)-(2*x1))-(2*x2))+1);     ------------------------------
## f' = ((((0*x1)+3)-((0*x1)+2))-(0*x2)); x1 = -36.975540; jacobi[0][0] = 1.000000; 
## f' = (((0*x1)-(0*x1))-((0*x2)+2)); x2 = -18.333254; jacobi[0][1] = -2.000000; 

## f[1] = (((((3*x2)-(2*(x2^2)))-x1)-x3)+1);     ------------------------------
## f' = (((0*x2)-((0*(x2^2))+(2*(0*x2))))-1); x1 = -36.975540; jacobi[1][0] = -1.000000; 
## f' = (((0*x2)+3)-((0*(x2^2))+(2*(2*x2)))); x2 = -18.333254; jacobi[1][1] = 76.333018; 
## f' = (((0*x2)-((0*(x2^2))+(2*(0*x2))))-1); x3 = -12.371848; jacobi[1][2] = -1.000000; 

## f[2] = ((((3*x3)-(2*(x3^3)))-x2)+1);     ------------------------------
## f' = (((0*x3)+3)-((0*(x3^3))+(2*(3*(x3^2))))); x3 = -12.371848; jacobi[2][2] = -915.375803; 

***Gauss
#
x1 = -29.450427
x2 = -13.344694
x3 = -8.263808
func(x_aprox) = -1.761039
func(x_aprox) = -357.481553
func(x_aprox) = 1118.232609
Deu boa :)

AAAAAAAAAAAAAAAAAAA

## f[0] = ((((3*x1)-(2*x1))-(2*x2))+1);     ------------------------------
## f' = ((((0*x1)+3)-((0*x1)+2))-(0*x2)); x1 = -29.450427; jacobi[0][0] = 1.000000; 
## f' = (((0*x1)-(0*x1))-((0*x2)+2)); x2 = -13.344694; jacobi[0][1] = -2.000000; 

## f[1] = (((((3*x2)-(2*(x2^2)))-x1)-x3)+1);     ------------------------------
## f' = (((0*x2)-((0*(x2^2))+(2*(0*x2))))-1); x1 = -29.450427; jacobi[1][0] = -1.000000; 
## f' = (((0*x2)+3)-((0*(x2^2))+(2*(2*x2)))); x2 = -13.344694; jacobi[1][1] = 56.378775; 
## f' = (((0*x2)-((0*(x2^2))+(2*(0*x2))))-1); x3 = -8.263808; jacobi[1][2] = -1.000000; 

## f[2] = ((((3*x3)-(2*(x3^3)))-x2)+1);     ------------------------------
## f' = (((0*x3)+3)-((0*(x3^3))+(2*(3*(x3^2))))); x3 = -8.263808; jacobi[2][2] = -406.743088; 

***Gauss
#
x1 = -22.223647
x2 = -9.471262
x3 = -5.530937
func(x_aprox) = -2.281123
func(x_aprox) = -179.068823
func(x_aprox) = 332.275224
Deu boa :)

AAAAAAAAAAAAAAAAAAA

## f[0] = ((((3*x1)-(2*x1))-(2*x2))+1);     ------------------------------
## f' = ((((0*x1)+3)-((0*x1)+2))-(0*x2)); x1 = -22.223647; jacobi[0][0] = 1.000000; 
## f' = (((0*x1)-(0*x1))-((0*x2)+2)); x2 = -9.471262; jacobi[0][1] = -2.000000; 

## f[1] = (((((3*x2)-(2*(x2^2)))-x1)-x3)+1);     ------------------------------
## f' = (((0*x2)-((0*(x2^2))+(2*(0*x2))))-1); x1 = -22.223647; jacobi[1][0] = -1.000000; 
## f' = (((0*x2)+3)-((0*(x2^2))+(2*(2*x2)))); x2 = -9.471262; jacobi[1][1] = 40.885049; 
## f' = (((0*x2)-((0*(x2^2))+(2*(0*x2))))-1); x3 = -5.530937; jacobi[1][2] = -1.000000; 

## f[2] = ((((3*x3)-(2*(x3^3)))-x2)+1);     ------------------------------
## f' = (((0*x3)+3)-((0*(x3^3))+(2*(3*(x3^2))))); x3 = -5.530937; jacobi[2][2] = -180.547608; 

***Gauss
#
x1 = -16.313955
x2 = -6.621803
x3 = -3.716652
func(x_aprox) = -2.070349
func(x_aprox) = -86.531340
func(x_aprox) = 99.151833
Deu boa :)

AAAAAAAAAAAAAAAAAAA

## f[0] = ((((3*x1)-(2*x1))-(2*x2))+1);     ------------------------------
## f' = ((((0*x1)+3)-((0*x1)+2))-(0*x2)); x1 = -16.313955; jacobi[0][0] = 1.000000; 
## f' = (((0*x1)-(0*x1))-((0*x2)+2)); x2 = -6.621803; jacobi[0][1] = -2.000000; 

## f[1] = (((((3*x2)-(2*(x2^2)))-x1)-x3)+1);     ------------------------------
## f' = (((0*x2)-((0*(x2^2))+(2*(0*x2))))-1); x1 = -16.313955; jacobi[1][0] = -1.000000; 
## f' = (((0*x2)+3)-((0*(x2^2))+(2*(2*x2)))); x2 = -6.621803; jacobi[1][1] = 29.487210; 
## f' = (((0*x2)-((0*(x2^2))+(2*(0*x2))))-1); x3 = -3.716652; jacobi[1][2] = -1.000000; 

## f[2] = ((((3*x3)-(2*(x3^3)))-x2)+1);     ------------------------------
## f' = (((0*x3)+3)-((0*(x3^3))+(2*(3*(x3^2))))); x3 = -3.716652; jacobi[2][2] = -79.881027; 

***Gauss
#
x1 = -11.842915
x2 = -4.598769
x3 = -2.516307
func(x_aprox) = -1.645378
func(x_aprox) = -40.734432
func(x_aprox) = 29.915372
Deu boa :)

AAAAAAAAAAAAAAAAAAA

## f[0] = ((((3*x1)-(2*x1))-(2*x2))+1);     ------------------------------
## f' = ((((0*x1)+3)-((0*x1)+2))-(0*x2)); x1 = -11.842915; jacobi[0][0] = 1.000000; 
## f' = (((0*x1)-(0*x1))-((0*x2)+2)); x2 = -4.598769; jacobi[0][1] = -2.000000; 

## f[1] = (((((3*x2)-(2*(x2^2)))-x1)-x3)+1);     ------------------------------
## f' = (((0*x2)-((0*(x2^2))+(2*(0*x2))))-1); x1 = -11.842915; jacobi[1][0] = -1.000000; 
## f' = (((0*x2)+3)-((0*(x2^2))+(2*(2*x2)))); x2 = -4.598769; jacobi[1][1] = 21.395075; 
## f' = (((0*x2)-((0*(x2^2))+(2*(0*x2))))-1); x3 = -2.516307; jacobi[1][2] = -1.000000; 

## f[2] = ((((3*x3)-(2*(x3^3)))-x2)+1);     ------------------------------
## f' = (((0*x3)+3)-((0*(x3^3))+(2*(3*(x3^2))))); x3 = -2.516307; jacobi[2][2] = -34.990818; 

***Gauss
#
x1 = -8.614866
x2 = -3.205024
x3 = -1.724972
func(x_aprox) = -1.204818
func(x_aprox) = -18.819587
func(x_aprox) = 9.295507
Deu boa :)

AAAAAAAAAAAAAAAAAAA

## f[0] = ((((3*x1)-(2*x1))-(2*x2))+1);     ------------------------------
## f' = ((((0*x1)+3)-((0*x1)+2))-(0*x2)); x1 = -8.614866; jacobi[0][0] = 1.000000; 
## f' = (((0*x1)-(0*x1))-((0*x2)+2)); x2 = -3.205024; jacobi[0][1] = -2.000000; 

## f[1] = (((((3*x2)-(2*(x2^2)))-x1)-x3)+1);     ------------------------------
## f' = (((0*x2)-((0*(x2^2))+(2*(0*x2))))-1); x1 = -8.614866; jacobi[1][0] = -1.000000; 
## f' = (((0*x2)+3)-((0*(x2^2))+(2*(2*x2)))); x2 = -3.205024; jacobi[1][1] = 15.820095; 
## f' = (((0*x2)-((0*(x2^2))+(2*(0*x2))))-1); x3 = -1.724972; jacobi[1][2] = -1.000000; 

## f[2] = ((((3*x3)-(2*(x3^3)))-x2)+1);     ------------------------------
## f' = (((0*x3)+3)-((0*(x3^3))+(2*(3*(x3^2))))); x3 = -1.724972; jacobi[2][2] = -14.853160; 

***Gauss
#
x1 = -6.358617
x2 = -2.281805
x3 = -1.199256
func(x_aprox) = -0.795007
func(x_aprox) = -8.700809
func(x_aprox) = 3.133614
Deu boa :)

AAAAAAAAAAAAAAAAAAA

## f[0] = ((((3*x1)-(2*x1))-(2*x2))+1);     ------------------------------
## f' = ((((0*x1)+3)-((0*x1)+2))-(0*x2)); x1 = -6.358617; jacobi[0][0] = 1.000000; 
## f' = (((0*x1)-(0*x1))-((0*x2)+2)); x2 = -2.281805; jacobi[0][1] = -2.000000; 

## f[1] = (((((3*x2)-(2*(x2^2)))-x1)-x3)+1);     ------------------------------
## f' = (((0*x2)-((0*(x2^2))+(2*(0*x2))))-1); x1 = -6.358617; jacobi[1][0] = -1.000000; 
## f' = (((0*x2)+3)-((0*(x2^2))+(2*(2*x2)))); x2 = -2.281805; jacobi[1][1] = 12.127220; 
## f' = (((0*x2)-((0*(x2^2))+(2*(0*x2))))-1); x3 = -1.199256; jacobi[1][2] = -1.000000; 

## f[2] = ((((3*x3)-(2*(x3^3)))-x2)+1);     ------------------------------
## f' = (((0*x3)+3)-((0*(x3^3))+(2*(3*(x3^2))))); x3 = -1.199256; jacobi[2][2] = -5.629294; 

***Gauss
#
x1 = -4.796868
x2 = -1.727523
x3 = -0.815886
func(x_aprox) = -0.341823
func(x_aprox) = -4.538484
func(x_aprox) = 1.366086
Deu boa :)

AAAAAAAAAAAAAAAAAAA

## f[0] = ((((3*x1)-(2*x1))-(2*x2))+1);     ------------------------------
## f' = ((((0*x1)+3)-((0*x1)+2))-(0*x2)); x1 = -4.796868; jacobi[0][0] = 1.000000; 
## f' = (((0*x1)-(0*x1))-((0*x2)+2)); x2 = -1.727523; jacobi[0][1] = -2.000000; 

## f[1] = (((((3*x2)-(2*(x2^2)))-x1)-x3)+1);     ------------------------------
## f' = (((0*x2)-((0*(x2^2))+(2*(0*x2))))-1); x1 = -4.796868; jacobi[1][0] = -1.000000; 
## f' = (((0*x2)+3)-((0*(x2^2))+(2*(2*x2)))); x2 = -1.727523; jacobi[1][1] = 9.910091; 
## f' = (((0*x2)-((0*(x2^2))+(2*(0*x2))))-1); x3 = -0.815886; jacobi[1][2] = -1.000000; 

## f[2] = ((((3*x3)-(2*(x3^3)))-x2)+1);     ------------------------------
## f' = (((0*x3)+3)-((0*(x3^3))+(2*(3*(x3^2))))); x3 = -0.815886; jacobi[2][2] = -0.994016; 

***Gauss
#
x1 = -3.117864
x2 = -1.779141
x3 = -0.147295
func(x_aprox) = 1.440419
func(x_aprox) = -7.402952
func(x_aprox) = 2.343648
Deu boa :)

AAAAAAAAAAAAAAAAAAA

## f[0] = ((((3*x1)-(2*x1))-(2*x2))+1);     ------------------------------
## f' = ((((0*x1)+3)-((0*x1)+2))-(0*x2)); x1 = -3.117864; jacobi[0][0] = 1.000000; 
## f' = (((0*x1)-(0*x1))-((0*x2)+2)); x2 = -1.779141; jacobi[0][1] = -2.000000; 

## f[1] = (((((3*x2)-(2*(x2^2)))-x1)-x3)+1);     ------------------------------
## f' = (((0*x2)-((0*(x2^2))+(2*(0*x2))))-1); x1 = -3.117864; jacobi[1][0] = -1.000000; 
## f' = (((0*x2)+3)-((0*(x2^2))+(2*(2*x2)))); x2 = -1.779141; jacobi[1][1] = 10.116565; 
## f' = (((0*x2)-((0*(x2^2))+(2*(0*x2))))-1); x3 = -0.147295; jacobi[1][2] = -1.000000; 

## f[2] = ((((3*x3)-(2*(x3^3)))-x2)+1);     ------------------------------
## f' = (((0*x3)+3)-((0*(x3^3))+(2*(3*(x3^2))))); x3 = -0.147295; jacobi[2][2] = 2.869825; 

***Gauss
#
x1 = -5.729930
x2 = -0.458705
x3 = -0.733118
func(x_aprox) = -3.812520
func(x_aprox) = 5.666114
func(x_aprox) = 0.047397
Deu boa :)

AAAAAAAAAAAAAAAAAAA

## f[0] = ((((3*x1)-(2*x1))-(2*x2))+1);     ------------------------------
## f' = ((((0*x1)+3)-((0*x1)+2))-(0*x2)); x1 = -5.729930; jacobi[0][0] = 1.000000; 
## f' = (((0*x1)-(0*x1))-((0*x2)+2)); x2 = -0.458705; jacobi[0][1] = -2.000000; 

## f[1] = (((((3*x2)-(2*(x2^2)))-x1)-x3)+1);     ------------------------------
## f' = (((0*x2)-((0*(x2^2))+(2*(0*x2))))-1); x1 = -5.729930; jacobi[1][0] = -1.000000; 
## f' = (((0*x2)+3)-((0*(x2^2))+(2*(2*x2)))); x2 = -0.458705; jacobi[1][1] = 4.834819; 
## f' = (((0*x2)-((0*(x2^2))+(2*(0*x2))))-1); x3 = -0.733118; jacobi[1][2] = -1.000000; 

## f[2] = ((((3*x3)-(2*(x3^3)))-x2)+1);     ------------------------------
## f' = (((0*x3)+3)-((0*(x3^3))+(2*(3*(x3^2))))); x3 = -0.733118; jacobi[2][2] = -0.224776; 

***Gauss
#
x1 = 0.511074
x2 = -2.326813
x3 = 0.481123
func(x_aprox) = 6.164700
func(x_aprox) = -17.800756
func(x_aprox) = 4.547443
Deu boa :)

AAAAAAAAAAAAAAAAAAA

## f[0] = ((((3*x1)-(2*x1))-(2*x2))+1);     ------------------------------
## f' = ((((0*x1)+3)-((0*x1)+2))-(0*x2)); x1 = 0.511074; jacobi[0][0] = 1.000000; 
## f' = (((0*x1)-(0*x1))-((0*x2)+2)); x2 = -2.326813; jacobi[0][1] = -2.000000; 

## f[1] = (((((3*x2)-(2*(x2^2)))-x1)-x3)+1);     ------------------------------
## f' = (((0*x2)-((0*(x2^2))+(2*(0*x2))))-1); x1 = 0.511074; jacobi[1][0] = -1.000000; 
## f' = (((0*x2)+3)-((0*(x2^2))+(2*(2*x2)))); x2 = -2.326813; jacobi[1][1] = 12.307253; 
## f' = (((0*x2)-((0*(x2^2))+(2*(0*x2))))-1); x3 = 0.481123; jacobi[1][2] = -1.000000; 

## f[2] = ((((3*x3)-(2*(x3^3)))-x2)+1);     ------------------------------
## f' = (((0*x3)+3)-((0*(x3^3))+(2*(3*(x3^2))))); x3 = 0.481123; jacobi[2][2] = 1.611122; 

***Gauss
#
x1 = -10.169202
x2 = 1.059894
x3 = -1.776665
func(x_aprox) = -11.288990
func(x_aprox) = 13.878798
func(x_aprox) = 5.826326
Deu boa :)

AAAAAAAAAAAAAAAAAAA

## f[0] = ((((3*x1)-(2*x1))-(2*x2))+1);     ------------------------------
## f' = ((((0*x1)+3)-((0*x1)+2))-(0*x2)); x1 = -10.169202; jacobi[0][0] = 1.000000; 
## f' = (((0*x1)-(0*x1))-((0*x2)+2)); x2 = 1.059894; jacobi[0][1] = -2.000000; 

## f[1] = (((((3*x2)-(2*(x2^2)))-x1)-x3)+1);     ------------------------------
## f' = (((0*x2)-((0*(x2^2))+(2*(0*x2))))-1); x1 = -10.169202; jacobi[1][0] = -1.000000; 
## f' = (((0*x2)+3)-((0*(x2^2))+(2*(2*x2)))); x2 = 1.059894; jacobi[1][1] = -1.239575; 
## f' = (((0*x2)-((0*(x2^2))+(2*(0*x2))))-1); x3 = -1.776665; jacobi[1][2] = -1.000000; 

## f[2] = ((((3*x3)-(2*(x3^3)))-x2)+1);     ------------------------------
## f' = (((0*x3)+3)-((0*(x3^3))+(2*(3*(x3^2))))); x3 = -1.776665; jacobi[2][2] = -15.939221; 

***Gauss
#
x1 = 1.763003
x2 = 1.537715
x3 = -1.455057
func(x_aprox) = -0.312427
func(x_aprox) = 0.576065
func(x_aprox) = 1.258381
Deu boa :)

AAAAAAAAAAAAAAAAAAA

## f[0] = ((((3*x1)-(2*x1))-(2*x2))+1);     ------------------------------
## f' = ((((0*x1)+3)-((0*x1)+2))-(0*x2)); x1 = 1.763003; jacobi[0][0] = 1.000000; 
## f' = (((0*x1)-(0*x1))-((0*x2)+2)); x2 = 1.537715; jacobi[0][1] = -2.000000; 

## f[1] = (((((3*x2)-(2*(x2^2)))-x1)-x3)+1);     ------------------------------
## f' = (((0*x2)-((0*(x2^2))+(2*(0*x2))))-1); x1 = 1.763003; jacobi[1][0] = -1.000000; 
## f' = (((0*x2)+3)-((0*(x2^2))+(2*(2*x2)))); x2 = 1.537715; jacobi[1][1] = -3.150859; 
## f' = (((0*x2)-((0*(x2^2))+(2*(0*x2))))-1); x3 = -1.455057; jacobi[1][2] = -1.000000; 

## f[2] = ((((3*x3)-(2*(x3^3)))-x2)+1);     ------------------------------
## f' = (((0*x3)+3)-((0*(x3^3))+(2*(3*(x3^2))))); x3 = -1.455057; jacobi[2][2] = -9.703146; 

***Gauss
