inciado 0x563993afabb0
3
((((3-(2*x1))*x1)-(2*x2))+1)
(((((3-(2*x2))*x2)-x1)-(2*x3))+1)
((((3-(2*x3))*x3)-x2)+1)
#
x1 = -1.000000
x2 = -1.000000
x3 = -1.000000
> -2.000000
> -1.000000
> -3.000000
Deu boa :)

## f[1] = (((((3-(2*x2))*x2)-x1)-(2*x3))+1);     ------------------------------
## f' = (((((0-(0*x2))*x2)+((3-(2*x2))*0))-1)-(0*x3)); x1 = -1.000000; jacobi[1][0] = -1.000000; 
## f' = ((((0-((0*x2)+2))*x2)+(3-(2*x2)))-(0*x3)); x2 = -1.000000; jacobi[1][1] = 7.000000; 
## f' = ((((0-(0*x2))*x2)+((3-(2*x2))*0))-((0*x3)+2)); x3 = -1.000000; jacobi[1][2] = -2.000000; 

***Gauss
ççç -0.2857142857142857
ççç -0.1428571428571428
ççç -0.4489795918367347
Maior = -0.4489795918367347
ççç -0.3265306122448979
ççç -0.2711370262390670
ççç -0.4673052894627238
Maior = -0.4673052894627238
ççç -0.3631820074968763
ççç -0.2763729398464925
ççç -0.4680532771209275
Maior = -0.4680532771209275
Saiu com maior = 0.0007479876582037 > 0.0010000000000000
#
x1 = -1.363182
x2 = -1.276373
x3 = -1.468053
> -4.253331
> -1.788086
> -6.438148
Deu boa :)

## f[1] = (((((3-(2*x2))*x2)-x1)-(2*x3))+1);     ------------------------------
## f' = (((((0-(0*x2))*x2)+((3-(2*x2))*0))-1)-(0*x3)); x1 = -1.363182; jacobi[1][0] = -1.000000; 
## f' = ((((0-((0*x2)+2))*x2)+(3-(2*x2)))-(0*x3)); x2 = -1.276373; jacobi[1][1] = 8.105492; 
## f' = ((((0-(0*x2))*x2)+((3-(2*x2))*0))-((0*x3)+2)); x3 = -1.468053; jacobi[1][2] = -2.000000; 

***Gauss
ççç -0.5685828736671373
ççç -0.3360922021828973
ççç -0.7635344034007220
Maior = -0.7635344034007220
ççç -0.5827130484756822
ççç -0.4090010731191077
ççç -0.7717520679275688
Maior = -0.7717520679275688
ççç -0.5999640166075216
ççç -0.4110287513330373
ççç -0.7719806104782420
Maior = -0.7719806104782420
Saiu com maior = 0.0002285425506732 > 0.0010000000000000
#
x1 = -1.963146
x2 = -1.687402
x3 = -2.240034
> -9.222519
> -3.313640
> -14.068204
Deu boa :)

## f[1] = (((((3-(2*x2))*x2)-x1)-(2*x3))+1);     ------------------------------
## f' = (((((0-(0*x2))*x2)+((3-(2*x2))*0))-1)-(0*x3)); x1 = -1.963146; jacobi[1][0] = -1.000000; 
## f' = ((((0-((0*x2)+2))*x2)+(3-(2*x2)))-(0*x3)); x2 = -1.687402; jacobi[1][1] = 9.749607; 
## f' = ((((0-(0*x2))*x2)+((3-(2*x2))*0))-((0*x3)+2)); x3 = -2.240034; jacobi[1][2] = -2.000000; 

***Gauss
ççç -0.9255470150975110
ççç -0.4982356260318212
ççç -1.2179158983153813
Maior = -1.2179158983153813
ççç -0.9416181874420904
ççç -0.5897132206874108
ççç -1.2255644399452088
Maior = -1.2255644399452088
ççç -0.9584764018254807
ççç -0.5912822155842115
ççç -1.2256956253226814
Maior = -1.2256956253226814
Saiu com maior = 0.0001311853774726 > 0.0010000000000000
#
x1 = -2.921622
x2 = -2.278684
x3 = -3.465730
> -20.279255
> -6.367771
> -31.141067
Deu boa :)

## f[1] = (((((3-(2*x2))*x2)-x1)-(2*x3))+1);     ------------------------------
## f' = (((((0-(0*x2))*x2)+((3-(2*x2))*0))-1)-(0*x3)); x1 = -2.921622; jacobi[1][0] = -1.000000; 
## f' = ((((0-((0*x2)+2))*x2)+(3-(2*x2)))-(0*x3)); x2 = -2.278684; jacobi[1][1] = 12.114736; 
## f' = ((((0-(0*x2))*x2)+((3-(2*x2))*0))-((0*x3)+2)); x3 = -3.465730; jacobi[1][2] = -2.000000; 

***Gauss
ççç -1.4613307555302280
ççç -0.7279698447034983
ççç -1.8898886000926369
Maior = -1.8898886000926369
ççç -1.4799448194592919
ççç -0.8376202729450624
ççç -1.8963910587955417
Maior = -1.8963910587955417
ççç -1.4948769687275809
ççç -0.8386937522025683
ççç -1.8964547179590516
Maior = -1.8964547179590516
Saiu com maior = 0.0000636591635099 > 0.0010000000000000
#
x1 = -4.416499
x2 = -3.117378
x3 = -5.362184
> -45.025677
> -12.647352
> -69.475214
Deu boa :)

## f[1] = (((((3-(2*x2))*x2)-x1)-(2*x3))+1);     ------------------------------
## f' = (((((0-(0*x2))*x2)+((3-(2*x2))*0))-1)-(0*x3)); x1 = -4.416499; jacobi[1][0] = -1.000000; 
## f' = ((((0-((0*x2)+2))*x2)+(3-(2*x2)))-(0*x3)); x2 = -3.117378; jacobi[1][1] = 15.469511; 
## f' = ((((0-(0*x2))*x2)+((3-(2*x2))*0))-((0*x3)+2)); x3 = -5.362184; jacobi[1][2] = -2.000000; 

***Gauss
ççç -2.2598988506975690
ççç -1.0627525253143066
ççç -2.8851374707597874
Maior = -2.8851374707597874
ççç -2.2815826597911526
ççç -1.1905759291792650
ççç -2.8903656919257634
Maior = -2.8903656919257634
ççç -2.2939530671115462
ççç -1.1912518679712594
ççç -2.8903933391123693
Maior = -2.8903933391123693
Saiu com maior = 0.0000276471866059 > 0.0010000000000000
#
x1 = -6.710452
x2 = -4.308630
x3 = -8.252578
> -100.574443
> -25.838858
> -155.659176
Deu boa :)

## f[1] = (((((3-(2*x2))*x2)-x1)-(2*x3))+1);     ------------------------------
## f' = (((((0-(0*x2))*x2)+((3-(2*x2))*0))-1)-(0*x3)); x1 = -6.710452; jacobi[1][0] = -1.000000; 
## f' = ((((0-((0*x2)+2))*x2)+(3-(2*x2)))-(0*x3)); x2 = -4.308630; jacobi[1][1] = 20.234518; 
## f' = ((((0-(0*x2))*x2)+((3-(2*x2))*0))-((0*x3)+2)); x3 = -8.252578; jacobi[1][2] = -2.000000; 

***Gauss
ççç -3.4500905634845669
ççç -1.5626586355900112
ççç -4.3660227777482463
Maior = -4.3660227777482463
ççç -3.4749822687478886
ççç -1.7085113246215011
ççç -4.3700730813390098
Maior = -4.3700730813390098
ççç -3.4847573252728723
ççç -1.7089116606778574
ççç -4.3700841986010737
Maior = -4.3700841986010737
Saiu com maior = 0.0000111172620638 > 0.0010000000000000
#
x1 = -10.195210
x2 = -6.017541
x3 = -12.622662
> -225.435152
> -54.033694
> -349.513624
Deu boa :)

## f[1] = (((((3-(2*x2))*x2)-x1)-(2*x3))+1);     ------------------------------
## f' = (((((0-(0*x2))*x2)+((3-(2*x2))*0))-1)-(0*x3)); x1 = -10.195210; jacobi[1][0] = -1.000000; 
## f' = ((((0-((0*x2)+2))*x2)+(3-(2*x2)))-(0*x3)); x2 = -6.017541; jacobi[1][1] = 27.070165; 
## f' = ((((0-(0*x2))*x2)+((3-(2*x2))*0))-((0*x3)+2)); x3 = -12.622662; jacobi[1][2] = -2.000000; 

***Gauss
ççç -5.2272404998070563
ççç -2.3189316763963679
ççç -6.5774593370316943
Maior = -6.5774593370316943
ççç -5.2551074858030997
ççç -2.4820171366274857
ççç -6.5805081963959182
Maior = -6.5805081963959182
ççç -5.2625575696025075
ççç -2.4822423926901904
ççç -6.5805124075258083
Maior = -6.5805124075258083
Saiu com maior = 0.0000042111298901 > 0.0010000000000000
#
x1 = -15.457767
x2 = -8.499784
x3 = -19.203174
> -506.258878
> -115.127877
> -785.633536
Deu boa :)

## f[1] = (((((3-(2*x2))*x2)-x1)-(2*x3))+1);     ------------------------------
## f' = (((((0-(0*x2))*x2)+((3-(2*x2))*0))-1)-(0*x3)); x1 = -15.457767; jacobi[1][0] = -1.000000; 
## f' = ((((0-((0*x2)+2))*x2)+(3-(2*x2)))-(0*x3)); x2 = -8.499784; jacobi[1][1] = 36.999134; 
## f' = ((((0-(0*x2))*x2)+((3-(2*x2))*0))-((0*x3)+2)); x3 = -19.203174; jacobi[1][2] = -2.000000; 

***Gauss
ççç -7.8854686112798786
ççç -3.4673487373342140
ççç -9.8869091904509663
Maior = -9.8869091904509663
ççç -7.9158585571301368
ççç -3.6460770694200075
ççç -9.8891485375657204
Maior = -9.8891485375657204
ççç -7.9213722200595518
ççç -3.6461981180421352
ççç -9.8891500542244355
Maior = -9.8891500542244355
Saiu com maior = 0.0000015166587151 > 0.0010000000000000
#
x1 = -23.379140
x2 = -12.145982
x3 = -29.092324
> -1138.013790
> -248.923900
> -1766.857649
Deu boa :)

## f[1] = (((((3-(2*x2))*x2)-x1)-(2*x3))+1);     ------------------------------
## f' = (((((0-(0*x2))*x2)+((3-(2*x2))*0))-1)-(0*x3)); x1 = -23.379140; jacobi[1][0] = -1.000000; 
## f' = ((((0-((0*x2)+2))*x2)+(3-(2*x2)))-(0*x3)); x2 = -12.145982; jacobi[1][1] = 51.583927; 
## f' = ((((0-(0*x2))*x2)+((3-(2*x2))*0))-((0*x3)+2)); x3 = -29.092324; jacobi[1][2] = -2.000000; 

***Gauss
ççç -11.8664217451963445
ççç -5.2090295699187168
ççç -14.8452468474933923
Maior = -14.8452468474933923
ççç -11.8988064775012106
ççç -5.4011862009219982
ççç -14.8468566134546478
Maior = -14.8468566134546478
ççç -11.9027883151127920
ççç -5.4012486143930669
ççç -14.8468571363149877
Maior = -14.8468571363149877
Saiu com maior = 0.0000005228603399 > 0.0010000000000000
#
x1 = -35.281928
x2 = -17.547230
x3 = -43.939181
> -2559.380195
> -544.291984
> -3974.573632
Deu boa :)

## f[1] = (((((3-(2*x2))*x2)-x1)-(2*x3))+1);     ------------------------------
## f' = (((((0-(0*x2))*x2)+((3-(2*x2))*0))-1)-(0*x3)); x1 = -35.281928; jacobi[1][0] = -1.000000; 
## f' = ((((0-((0*x2)+2))*x2)+(3-(2*x2)))-(0*x3)); x2 = -17.547230; jacobi[1][1] = 73.188921; 
## f' = ((((0-(0*x2))*x2)+((3-(2*x2))*0))-((0*x3)+2)); x3 = -43.939181; jacobi[1][2] = -2.000000; 

***Gauss
ççç -17.8326753672621550
ççç -7.8425216285709745
ççç -22.2784129848220012
Maior = -22.2784129848220012
ççç -17.8665518922916711
ççç -8.0456003383397476
ççç -22.2795490467477215
Maior = -22.2795490467477215
ççç -17.8693699306489080
ççç -8.0456313829816501
ççç -22.2795492204175076
Maior = -22.2795492204175076
Saiu com maior = 0.0000001736697861 > 0.0010000000000000
#
x1 = -53.151298
x2 = -25.592862
x3 = -66.218731
> -5757.389091
> -1200.178966
> -8941.903891
Deu boa :)

## f[1] = (((((3-(2*x2))*x2)-x1)-(2*x3))+1);     ------------------------------
## f' = (((((0-(0*x2))*x2)+((3-(2*x2))*0))-1)-(0*x3)); x1 = -53.151298; jacobi[1][0] = -1.000000; 
## f' = ((((0-((0*x2)+2))*x2)+(3-(2*x2)))-(0*x3)); x2 = -25.592862; jacobi[1][1] = 105.371447; 
## f' = ((((0-(0*x2))*x2)+((3-(2*x2))*0))-((0*x3)+2)); x3 = -66.218731; jacobi[1][2] = -2.000000; 

***Gauss
ççç -26.7780210612129927
ççç -11.8128591956114164
ççç -33.4249905586410705
Maior = -33.4249905586410705
ççç -26.8129666744432882
ççç -12.0244049545149245
ççç -33.4257802770553525
Maior = -33.4257802770553525
Saiu com maior = 0.0007897184142820 > 0.0010000000000000
#
x1 = -79.964264
x2 = -37.617267
x3 = -99.644511
> -12952.225453
> -2662.716014
> -20118.373357
Deu boa :)

## f[1] = (((((3-(2*x2))*x2)-x1)-(2*x3))+1);     ------------------------------
## f' = (((((0-(0*x2))*x2)+((3-(2*x2))*0))-1)-(0*x3)); x1 = -79.964264; jacobi[1][0] = -1.000000; 
## f' = ((((0-((0*x2)+2))*x2)+(3-(2*x2)))-(0*x3)); x2 = -37.617267; jacobi[1][1] = 153.469067; 
## f' = ((((0-(0*x2))*x2)+((3-(2*x2))*0))-((0*x3)+2)); x3 = -99.644511; jacobi[1][2] = -2.000000; 

***Gauss
ççç -40.1920104954293720
ççç -17.7857833842646507
ççç -50.1425799247177935
Maior = -50.1425799247177935
ççç -40.2277004596857495
ççç -18.0036357504503357
ççç -50.1431224154483886
Maior = -50.1431224154483886
Saiu com maior = 0.0005424907305951 > 0.0010000000000000
#
x1 = -120.191965
x2 = -55.620902
x3 = -149.787633
> -29140.550970
> -5933.465043
> -45265.412164
Deu boa :)

## f[1] = (((((3-(2*x2))*x2)-x1)-(2*x3))+1);     ------------------------------
## f' = (((((0-(0*x2))*x2)+((3-(2*x2))*0))-1)-(0*x3)); x1 = -120.191965; jacobi[1][0] = -1.000000; 
## f' = ((((0-((0*x2)+2))*x2)+(3-(2*x2)))-(0*x3)); x2 = -55.620902; jacobi[1][1] = 225.483610; 
## f' = ((((0-(0*x2))*x2)+((3-(2*x2))*0))-((0*x3)+2)); x3 = -149.787633; jacobi[1][2] = -2.000000; 

***Gauss
ççç -60.3110720342090545
ççç -26.7591569022729168
ççç -75.2173565084874554
Maior = -75.2173565084874554
ççç -60.3472692348869373
ççç -26.9815609531679144
ççç -75.2177258580747434
Maior = -75.2177258580747434
Saiu com maior = 0.0003693495872881 > 0.0010000000000000
#
x1 = -180.539234
x2 = -82.602463
x3 = -225.005359
> -65564.242941
> -13262.591342
> -101846.236895
Deu boa :)

## f[1] = (((((3-(2*x2))*x2)-x1)-(2*x3))+1);     ------------------------------
## f' = (((((0-(0*x2))*x2)+((3-(2*x2))*0))-1)-(0*x3)); x1 = -180.539234; jacobi[1][0] = -1.000000; 
## f' = ((((0-((0*x2)+2))*x2)+(3-(2*x2)))-(0*x3)); x2 = -82.602463; jacobi[1][1] = 333.409853; 
## f' = ((((0-(0*x2))*x2)+((3-(2*x2))*0))-((0*x3)+2)); x3 = -225.005359; jacobi[1][2] = -2.000000; 

***Gauss
ççç -90.4882829299159965
ççç -40.2298452075100172
ççç -112.8284031991368010
Maior = -112.8284031991368010
ççç -90.5248220115482525
ççç -40.4554574799475688
ççç -112.8286530406835340
Maior = -112.8286530406835340
Saiu com maior = 0.0002498415467329 > 0.0010000000000000
#
x1 = -271.064056
x2 = -123.057921
x3 = -337.834012
> -147517.521457
> -29707.945442
> -229153.083685
Deu boa :)

## f[1] = (((((3-(2*x2))*x2)-x1)-(2*x3))+1);     ------------------------------
## f' = (((((0-(0*x2))*x2)+((3-(2*x2))*0))-1)-(0*x3)); x1 = -271.064056; jacobi[1][0] = -1.000000; 
## f' = ((((0-((0*x2)+2))*x2)+(3-(2*x2)))-(0*x3)); x2 = -123.057921; jacobi[1][1] = 495.231683; 
## f' = ((((0-(0*x2))*x2)+((3-(2*x2))*0))-((0*x3)+2)); x3 = -337.834012; jacobi[1][2] = -2.000000; 

***Gauss
ççç -135.7531270036052433
ççç -60.4436342729686515
ççç -169.2442045951294460
Maior = -169.2442045951294460
ççç -135.7898951109508516
ççç -60.6714692578973498
ççç -169.2443728214608427
Maior = -169.2443728214608427
Saiu com maior = 0.0001682263313967 > 0.0010000000000000
#
x1 = -406.853951
x2 = -183.729390
x3 = -507.078385
> -331912.378473
> -66642.155016
> -515593.482833
Deu boa :)

## f[1] = (((((3-(2*x2))*x2)-x1)-(2*x3))+1);     ------------------------------
## f' = (((((0-(0*x2))*x2)+((3-(2*x2))*0))-1)-(0*x3)); x1 = -406.853951; jacobi[1][0] = -1.000000; 
## f' = ((((0-((0*x2)+2))*x2)+(3-(2*x2)))-(0*x3)); x2 = -183.729390; jacobi[1][1] = 737.917560; 
## f' = ((((0-(0*x2))*x2)+((3-(2*x2))*0))-((0*x3)+2)); x3 = -507.078385; jacobi[1][2] = -2.000000; 

***Gauss
ççç -203.6497195019240394
ççç -90.7698195015801446
ççç -253.8673830986343205
Maior = -253.8673830986343205
ççç -203.6866405746303315
ççç -90.9991757733975817
ççç -253.8674960089592787
Maior = -253.8674960089592787
Saiu com maior = 0.0001129103249582 > 0.0010000000000000
#
x1 = -610.540592
x2 = -274.728566
x3 = -760.945881
> -746800.793331
> -149642.323148
> -1160084.376726
Deu boa :)

## f[1] = (((((3-(2*x2))*x2)-x1)-(2*x3))+1);     ------------------------------
## f' = (((((0-(0*x2))*x2)+((3-(2*x2))*0))-1)-(0*x3)); x1 = -610.540592; jacobi[1][0] = -1.000000; 
## f' = ((((0-((0*x2)+2))*x2)+(3-(2*x2)))-(0*x3)); x2 = -274.728566; jacobi[1][1] = 1101.914263; 
## f' = ((((0-(0*x2))*x2)+((3-(2*x2))*0))-((0*x3)+2)); x3 = -760.945881; jacobi[1][2] = -2.000000; 

***Gauss
ççç -305.4941469715062112
ççç -136.2629227330001243
ççç -380.8017965489514722
Maior = -380.8017965489514722
ççç -305.5311700727613129
ççç -136.4933114388171873
ççç -380.8018721659764196
Maior = -380.8018721659764196
Saiu com maior = 0.0000756170249474 > 0.0010000000000000
#
x1 = -916.071762
x2 = -411.221877
x3 = -1141.747753
> -1680299.717657
> -336239.963110
> -2610188.885141
Deu boa :)

## f[1] = (((((3-(2*x2))*x2)-x1)-(2*x3))+1);     ------------------------------
## f' = (((((0-(0*x2))*x2)+((3-(2*x2))*0))-1)-(0*x3)); x1 = -916.071762; jacobi[1][0] = -1.000000; 
## f' = ((((0-((0*x2)+2))*x2)+(3-(2*x2)))-(0*x3)); x2 = -411.221877; jacobi[1][1] = 1647.887509; 
## f' = ((((0-(0*x2))*x2)+((3-(2*x2))*0))-((0*x3)+2)); x3 = -1141.747753; jacobi[1][2] = -2.000000; 

***Gauss
ççç -458.2604749381447391
ççç -204.5052013380737321
ççç -571.2031781001310264
Maior = -571.2031781001310264
ççç -458.2975660570083392
ççç -204.7362866577564944
ççç -571.2032286659460851
Maior = -571.2032286659460851
Saiu com maior = 0.0000505658150587 > 0.0010000000000000
#
x1 = -1374.369328
x2 = -615.958164
x3 = -1712.950982
> -3780672.291252
> -755855.522702
> -5872924.027159
Deu boa :)

## f[1] = (((((3-(2*x2))*x2)-x1)-(2*x3))+1);     ------------------------------
## f' = (((((0-(0*x2))*x2)+((3-(2*x2))*0))-1)-(0*x3)); x1 = -1374.369328; jacobi[1][0] = -1.000000; 
## f' = ((((0-((0*x2)+2))*x2)+(3-(2*x2)))-(0*x3)); x2 = -615.958164; jacobi[1][1] = 2466.832656; 
## f' = ((((0-(0*x2))*x2)+((3-(2*x2))*0))-((0*x3)+2)); x3 = -1712.950982; jacobi[1][2] = -2.000000; 

***Gauss
ççç -687.4097554271118042
ççç -306.8704021593882771
ççç -856.8050902400150335
Maior = -856.8050902400150335
ççç -687.4468918826254367
ççç -307.1019556544315492
ççç -856.8051240197551124
Maior = -856.8051240197551124
Saiu com maior = 0.0000337797400789 > 0.0010000000000000
#
x1 = -2061.816220
x2 = -923.060120
x3 = -2569.756106
> -8506510.577714
> -1699646.820779
> -13214078.095412
Deu boa :)

## f[1] = (((((3-(2*x2))*x2)-x1)-(2*x3))+1);     ------------------------------
## f' = (((((0-(0*x2))*x2)+((3-(2*x2))*0))-1)-(0*x3)); x1 = -2061.816220; jacobi[1][0] = -1.000000; 
## f' = ((((0-((0*x2)+2))*x2)+(3-(2*x2)))-(0*x3)); x2 = -923.060120; jacobi[1][1] = 3695.240478; 
## f' = ((((0-(0*x2))*x2)+((3-(2*x2))*0))-((0*x3)+2)); x3 = -2569.756106; jacobi[1][2] = -2.000000; 

***Gauss
ççç -1031.1335339858605948
ççç -460.4194073273602044
ççç -1285.2078511593269923
Maior = -1285.2078511593269923
ççç -1031.1707006596366227
ççç -460.6512746332290362
ççç -1285.2078737100714534
Maior = -1285.2078737100714534
Saiu com maior = 0.0000225507444611 > 0.0010000000000000
#
x1 = -3092.986921
x2 = -1383.711394
x3 = -3854.963980
> -19139646.719492
> -3822661.664454
> -29731674.748117
Deu boa :)

## f[1] = (((((3-(2*x2))*x2)-x1)-(2*x3))+1);     ------------------------------
## f' = (((((0-(0*x2))*x2)+((3-(2*x2))*0))-1)-(0*x3)); x1 = -3092.986921; jacobi[1][0] = -1.000000; 
## f' = ((((0-((0*x2)+2))*x2)+(3-(2*x2)))-(0*x3)); x2 = -1383.711394; jacobi[1][1] = 5537.845577; 
## f' = ((((0-(0*x2))*x2)+((3-(2*x2))*0))-((0*x3)+2)); x3 = -3854.963980; jacobi[1][2] = -2.000000; 

***Gauss
ççç -1546.7191064982537227
ççç -690.7437246156301853
ççç -1927.8119207867937348
Maior = -1927.8119207867937348
ççç -1546.7562933140516179
ççç -690.9758018876096912
ççç -1927.8119358344135890
Maior = -1927.8119358344135890
Saiu com maior = 0.0000150476198542 > 0.0010000000000000
